7.60439e-05 -0.001
0.000152067 -0.002
0.000227958 -0.003
0.000303857 -0.004
0.000379769 -0.005
0.000455773 -0.006
0.000532109 -0.007
0.000608726 -0.008
0.000685464 -0.009
0.000762922 -0.01
0.000840995 -0.011
0.000919763 -0.012
0.000999304 -0.013
0.00107969 -0.014
0.00116098 -0.015
0.00124323 -0.016
0.00132649 -0.017
0.00141082 -0.018
0.00149625 -0.019
0.00158282 -0.02
0.00167057 -0.021
0.00175952 -0.022
0.0018497 -0.023
0.00194114 -0.024
0.00203386 -0.025
0.00212787 -0.026
0.00222319 -0.027
0.00231985 -0.028
0.00241784 -0.029
0.00251717 -0.03
0.00261787 -0.031
0.00271992 -0.032
0.00282333 -0.033
0.00292811 -0.034
0.00303425 -0.035
0.00314175 -0.036
0.00325061 -0.037
0.00336082 -0.038
0.00347237 -0.039
0.00358524 -0.04
0.00369944 -0.041
0.00381869 -0.042
0.00393375 -0.043
0.00405447 -0.044
0.00417159 -0.045
0.00429506 -0.046
0.0044143 -0.047
0.00454049 -0.048
0.00466176 -0.049
0.00479057 -0.05
0.00491815 -0.051
0.00504187 -0.052
0.005174 -0.053
0.00530481 -0.054
0.00543594 -0.055
0.00556784 -0.056
0.00570062 -0.057
0.00583425 -0.058
0.00596872 -0.059
0.006104 -0.06
0.00624003 -0.061
0.0063768 -0.062
0.00651427 -0.063
0.00665239 -0.064
0.00679114 -0.065
0.00693048 -0.066
0.00707038 -0.067
0.0072108 -0.068
0.00735618 -0.069
0.00749443 -0.07
0.00763534 -0.071
0.00778182 -0.072
0.00792119 -0.073
0.00806763 -0.074
0.00820754 -0.075
0.00835458 -0.076
0.00849504 -0.077
0.00864263 -0.078
0.00878358 -0.079
0.00893162 -0.08
0.009073 -0.081
0.00922142 -0.082
0.00936318 -0.083
0.00951191 -0.084
0.00965399 -0.085
0.00980298 -0.086
0.00994534 -0.087
0.0100945 -0.088
0.0102371 -0.089
0.0103865 -0.09
0.0105293 -0.091
0.0106788 -0.092
0.0108218 -0.093
0.0109714 -0.094
0.0111145 -0.095
0.0112642 -0.096
0.0114074 -0.097
0.0115571 -0.098
0.0117005 -0.099
0.0118501 -0.1
0.0119936 -0.101
0.0121432 -0.102
0.0122868 -0.103
0.0124364 -0.104
0.01258 -0.105
0.0127255 -0.106
0.0128759 -0.107
0.0130197 -0.108
0.0131653 -0.109
0.0133157 -0.11
0.0134596 -0.111
0.0136052 -0.112
0.0137555 -0.113
0.0138995 -0.114
0.0140451 -0.115
0.0141955 -0.116
0.0143396 -0.117
0.0144852 -0.118
0.0146356 -0.119
0.0147798 -0.12
0.0149255 -0.121
0.0150758 -0.122
0.0152201 -0.123
0.0153659 -0.124
0.0155163 -0.125
0.0156606 -0.126
0.0158064 -0.127
0.0159568 -0.128
0.0161012 -0.129
0.0162508 -0.13
0.0163951 -0.131
0.0165408 -0.132
0.0166909 -0.133
0.0168353 -0.134
0.0169846 -0.135
0.0171288 -0.136
0.0172744 -0.137
0.0174241 -0.138
0.0175683 -0.139
0.0177138 -0.14
0.0178633 -0.141
0.0180073 -0.142
0.0181526 -0.143
0.0182982 -0.144
0.018444 -0.145
0.0185898 -0.146
0.0187355 -0.147
0.0188812 -0.148
0.0190268 -0.149
0.0191723 -0.15
0.0193177 -0.151
0.019463 -0.152
0.0196082 -0.153
0.0197533 -0.154
0.0198984 -0.155
0.0200433 -0.156
0.0201882 -0.157
0.020333 -0.158
0.0204778 -0.159
0.0206224 -0.16
0.0207671 -0.161
0.0209117 -0.162
0.0210563 -0.163
0.0212008 -0.164
0.0213453 -0.165
0.0214898 -0.166
0.0216344 -0.167
0.0217789 -0.168
0.0219235 -0.169
0.0220681 -0.17
0.0222127 -0.171
0.0223574 -0.172
0.0225022 -0.173
0.022647 -0.174
0.0227919 -0.175
0.022937 -0.176
0.0230821 -0.177
0.0232274 -0.178
0.0233728 -0.179
0.0235184 -0.18
0.0236641 -0.181
0.0238136 -0.182
0.0239584 -0.183
0.0241075 -0.184
0.0242523 -0.185
0.0244017 -0.186
0.0245502 -0.187
0.0246986 -0.188
0.024847 -0.189
0.0249955 -0.19
0.0251442 -0.191
0.0252932 -0.192
0.0254453 -0.193
0.0255936 -0.194
0.0257455 -0.195
0.025894 -0.196
0.026046 -0.197
0.0261974 -0.198
0.0263484 -0.199
0.0264991 -0.2
0.0266497 -0.201
0.0268001 -0.202
0.0269504 -0.203
0.027098 -0.204
0.027249 -0.205
0.0273991 -0.206
0.0275464 -0.207
0.0276965 -0.208
0.0278435 -0.209
0.0279931 -0.21
0.0281395 -0.211
0.0282863 -0.212
0.028435 -0.213
0.0285806 -0.214
0.0287264 -0.215
0.028872 -0.216
0.0290175 -0.217
0.0291626 -0.218
0.0293075 -0.219
0.029452 -0.22
0.0295961 -0.221
0.0297399 -0.222
0.029882 -0.223
0.0300261 -0.224
0.0301693 -0.225
0.0303108 -0.226
0.030454 -0.227
0.0305953 -0.228
0.0307379 -0.229
0.0308788 -0.23
0.0310199 -0.231
0.0311619 -0.232
0.0313022 -0.233
0.0314427 -0.234
0.0315832 -0.235
0.0317235 -0.236
0.0318636 -0.237
0.0320035 -0.238
0.0321432 -0.239
0.0322827 -0.24
0.032422 -0.241
0.0325611 -0.242
0.0327001 -0.243
0.0328389 -0.244
0.0329775 -0.245
0.0331159 -0.246
0.0332542 -0.247
0.0333923 -0.248
0.0335302 -0.249
0.033668 -0.25
0.0338057 -0.251
0.0339432 -0.252
0.0340806 -0.253
0.0342178 -0.254
0.0343549 -0.255
0.0344919 -0.256
0.0346287 -0.257
0.0347654 -0.258
0.034902 -0.259
0.0350385 -0.26
0.0351748 -0.261
0.0353111 -0.262
0.0354472 -0.263
0.0355832 -0.264
0.0357196 -0.265
0.0358556 -0.266
0.0359911 -0.267
0.0361265 -0.268
0.0362619 -0.269
0.0363979 -0.27
0.0365333 -0.271
0.0366682 -0.272
0.0368031 -0.273
0.0369389 -0.274
0.0370738 -0.275
0.0372083 -0.276
0.0373428 -0.277
0.0374784 -0.278
0.0376129 -0.279
0.0377471 -0.28
0.0378813 -0.281
0.0380167 -0.282
0.0381509 -0.283
0.0382847 -0.284
0.0384187 -0.285
0.0385539 -0.286
0.0386878 -0.287
0.0388214 -0.288
0.0389564 -0.289
0.03909 -0.29
0.0392234 -0.291
0.0393583 -0.292
0.0394916 -0.293
0.0396249 -0.294
0.0397597 -0.295
0.0398928 -0.296
0.0400259 -0.297
0.0401606 -0.298
0.0402936 -0.299
0.0404266 -0.3
0.0405613 -0.301
0.0406941 -0.302
0.040827 -0.303
0.0409616 -0.304
0.0410943 -0.305
0.0412271 -0.306
0.0413616 -0.307
0.0414942 -0.308
0.0416285 -0.309
0.0417608 -0.31
0.0418934 -0.311
0.0420278 -0.312
0.0421602 -0.313
0.0422944 -0.314
0.0424266 -0.315
0.0425607 -0.316
0.0426928 -0.317
0.0428268 -0.318
0.0429589 -0.319
0.0430929 -0.32
0.0432249 -0.321
0.0433589 -0.322
0.0434909 -0.323
0.0436248 -0.324
0.0437568 -0.325
0.0438907 -0.326
0.0440226 -0.327
0.0441565 -0.328
0.0442884 -0.329
0.0444223 -0.33
0.0445542 -0.331
0.044688 -0.332
0.0448199 -0.333
0.0449537 -0.334
0.0450856 -0.335
0.0452194 -0.336
0.0453512 -0.337
0.045485 -0.338
0.0456169 -0.339
0.0457506 -0.34
0.0458825 -0.341
0.0460162 -0.342
0.0461481 -0.343
0.0462818 -0.344
0.0464137 -0.345
0.0465474 -0.346
0.0466792 -0.347
0.0468129 -0.348
0.0469448 -0.349
0.0470785 -0.35
0.0472103 -0.351
0.047344 -0.352
0.0474758 -0.353
0.0476095 -0.354
0.0477414 -0.355
0.047875 -0.356
0.0480069 -0.357
0.0481406 -0.358
0.0482739 -0.359
0.0484054 -0.36
0.048539 -0.361
0.0486707 -0.362
0.0488044 -0.363
0.0489377 -0.364
0.0490692 -0.365
0.0492027 -0.366
0.049336 -0.367
0.0494675 -0.368
0.049601 -0.369
0.0497343 -0.37
0.0498657 -0.371
0.0499993 -0.372
0.0501325 -0.373
0.050264 -0.374
0.0503976 -0.375
0.0505308 -0.376
0.0506639 -0.377
0.0507952 -0.378
0.0509287 -0.379
0.0510619 -0.38
0.051195 -0.381
0.0513263 -0.382
0.0514598 -0.383
0.051593 -0.384
0.0517261 -0.385
0.051859 -0.386
0.0519919 -0.387
0.0521231 -0.388
0.0522566 -0.389
0.0523898 -0.39
0.0525228 -0.391
0.0526558 -0.392
0.0527886 -0.393
0.0529215 -0.394
0.0530543 -0.395
0.0531871 -0.396
0.0533199 -0.397
0.0534527 -0.398
0.0535856 -0.399
0.0537184 -0.4
0.0538512 -0.401
0.053984 -0.402
0.0541169 -0.403
0.0542497 -0.404
0.0543825 -0.405
0.0545154 -0.406
0.0546482 -0.407
0.054781 -0.408
0.0549139 -0.409
0.0550467 -0.41
0.0551796 -0.411
0.0553125 -0.412
0.0554453 -0.413
0.0555782 -0.414
0.0557111 -0.415
0.0558439 -0.416
0.0559768 -0.417
0.0561097 -0.418
0.0562426 -0.419
0.0563755 -0.42
0.0565084 -0.421
0.0566413 -0.422
0.0567742 -0.423
0.0569071 -0.424
0.05704 -0.425
0.0571729 -0.426
0.0573058 -0.427
0.0574387 -0.428
0.0575716 -0.429
0.0577046 -0.43
0.0578375 -0.431
0.0579704 -0.432
0.0581034 -0.433
0.0582363 -0.434
0.0583693 -0.435
0.0585022 -0.436
0.0586352 -0.437
0.0587681 -0.438
0.0589011 -0.439
0.059034 -0.44
0.059167 -0.441
0.0593 -0.442
0.0594329 -0.443
0.0595659 -0.444
0.0596989 -0.445
0.0598319 -0.446
0.0599649 -0.447
0.0600979 -0.448
0.0602309 -0.449
0.0603639 -0.45
0.0604969 -0.451
0.0606299 -0.452
0.0607629 -0.453
0.0608959 -0.454
0.0610289 -0.455
0.0611619 -0.456
0.061295 -0.457
0.061428 -0.458
0.061561 -0.459
0.0616941 -0.46
0.0618271 -0.461
0.0619602 -0.462
0.0620932 -0.463
0.0622263 -0.464
0.0623593 -0.465
0.0624924 -0.466
0.0626254 -0.467
0.0627585 -0.468
0.0628916 -0.469
0.0630246 -0.47
0.0631577 -0.471
0.0632908 -0.472
0.0634239 -0.473
0.063557 -0.474
0.0636901 -0.475
0.0638232 -0.476
0.0639563 -0.477
0.0640894 -0.478
0.0642225 -0.479
0.0643556 -0.48
0.0644887 -0.481
0.0646218 -0.482
0.0647549 -0.483
0.064888 -0.484
0.0650212 -0.485
0.0651543 -0.486
0.0652874 -0.487
0.0654206 -0.488
0.0655537 -0.489
0.0656868 -0.49
0.06582 -0.491
0.0659531 -0.492
0.0660863 -0.493
0.0662194 -0.494
0.0663526 -0.495
0.0664858 -0.496
0.0666189 -0.497
0.0667521 -0.498
0.0668853 -0.499
0.0670184 -0.5
